<?xml version="1.0" encoding="UTF-8"?>
<!-- Generated by org.testng.reporters.JUnitXMLReporter -->
<testsuite hostname="STSLP95" name="E2EPageObjectModelAutomation" tests="11" failures="0" timestamp="8 Oct 2021 16:54:56 GMT" time="256.043" errors="0">
  <testcase name="crmLogoImageTest" time="0.148" classname="com.qa.testcases.LoginPageTest"/>
  <testcase name="lgoinPageTitleTest" time="0.015" classname="com.qa.testcases.LoginPageTest"/>
  <testcase name="loginTest" time="7.235" classname="com.qa.testcases.LoginPageTest"/>
  <testcase name="verifyContactsLinkTest" time="1.482" classname="com.qa.testcases.HomePageTest"/>
  <testcase name="verifyHomePageTitleTest" time="0.009" classname="com.qa.testcases.HomePageTest"/>
  <testcase name="verifyUserNameTest" time="0.097" classname="com.qa.testcases.HomePageTest"/>
  <testcase name="verifyContactsLabel" time="2.529" classname="com.qa.testcases.ContactsPageTest"/>
  <testcase name="selectsingleContactsTest" time="2.734" classname="com.qa.testcases.ContactsPageTest"/>
  <testcase name="validateCreateNewContact" time="5.909" classname="com.qa.testcases.ContactsPageTest"/>
  <testcase name="validateCreateNewContact" time="5.681" classname="com.qa.testcases.ContactsPageTest"/>
  <testcase name="validateCreateNewContact" time="5.127" classname="com.qa.testcases.ContactsPageTest"/>
</testsuite> <!-- E2EPageObjectModelAutomation -->
