<?xml version="1.0" encoding="UTF-8"?>
<!-- Generated by org.testng.reporters.JUnitXMLReporter -->
<testsuite hostname="STSLP95" name="Default test" tests="3" failures="0" timestamp="9 Oct 2021 06:03:27 GMT" time="34.761" errors="0">
  <testcase name="crmLogoImageTest" time="0.121" classname="com.qa.testcases.LoginPageTest"/>
  <testcase name="lgoinPageTitleTest" time="0.015" classname="com.qa.testcases.LoginPageTest"/>
  <testcase name="loginTest" time="7.113" classname="com.qa.testcases.LoginPageTest"/>
</testsuite> <!-- Default test -->
