<?xml version="1.0" encoding="UTF-8"?>
<!-- Generated by org.testng.reporters.JUnitXMLReporter -->
<testsuite hostname="STSLP95" name="Command line test" tests="11" failures="0" timestamp="9 Oct 2021 03:55:07 GMT" time="285.077" errors="0">
  <testcase name="verifyContactsLinkTest" time="1.514" classname="com.qa.testcases.HomePageTest"/>
  <testcase name="verifyHomePageTitleTest" time="0.012" classname="com.qa.testcases.HomePageTest"/>
  <testcase name="verifyUserNameTest" time="0.118" classname="com.qa.testcases.HomePageTest"/>
  <testcase name="crmLogoImageTest" time="0.083" classname="com.qa.testcases.LoginPageTest"/>
  <testcase name="lgoinPageTitleTest" time="0.01" classname="com.qa.testcases.LoginPageTest"/>
  <testcase name="loginTest" time="6.252" classname="com.qa.testcases.LoginPageTest"/>
  <testcase name="verifyContactsLabel" time="2.516" classname="com.qa.testcases.ContactsPageTest"/>
  <testcase name="selectsingleContactsTest" time="2.662" classname="com.qa.testcases.ContactsPageTest"/>
  <testcase name="validateCreateNewContact" time="6.196" classname="com.qa.testcases.ContactsPageTest"/>
  <testcase name="validateCreateNewContact" time="5.474" classname="com.qa.testcases.ContactsPageTest"/>
  <testcase name="validateCreateNewContact" time="5.496" classname="com.qa.testcases.ContactsPageTest"/>
</testsuite> <!-- Command line test -->
