<?xml version="1.0" encoding="UTF-8"?>
<!-- Generated by org.testng.reporters.JUnitXMLReporter -->
<testsuite hostname="STSLP95" name="E2EPageObjectModelAutomation" tests="11" failures="0" timestamp="9 Oct 2021 10:59:18 GMT" time="274.38" errors="0">
  <testcase name="lgoinPageTitleTest" time="0.579" classname="com.qa.testcases.LoginPageTest"/>
  <testcase name="crmLogoImageTest" time="0.641" classname="com.qa.testcases.LoginPageTest"/>
  <testcase name="loginTest" time="7.426" classname="com.qa.testcases.LoginPageTest"/>
  <testcase name="verifyContactsLinkTest" time="1.754" classname="com.qa.testcases.HomePageTest"/>
  <testcase name="verifyHomePageTitleTest" time="0.016" classname="com.qa.testcases.HomePageTest"/>
  <testcase name="verifyUserNameTest" time="0.079" classname="com.qa.testcases.HomePageTest"/>
  <testcase name="verifyContactsLabel" time="2.41" classname="com.qa.testcases.ContactsPageTest"/>
  <testcase name="selectsingleContactsTest" time="2.781" classname="com.qa.testcases.ContactsPageTest"/>
  <testcase name="validateCreateNewContact" time="5.629" classname="com.qa.testcases.ContactsPageTest"/>
  <testcase name="validateCreateNewContact" time="5.802" classname="com.qa.testcases.ContactsPageTest"/>
  <testcase name="validateCreateNewContact" time="5.57" classname="com.qa.testcases.ContactsPageTest"/>
</testsuite> <!-- E2EPageObjectModelAutomation -->
