<?xml version="1.0" encoding="UTF-8"?>
<testng-results skipped="0" failed="0" total="11" passed="11">
  <reporter-output>
  </reporter-output>
  <suite name="Command line suite" duration-ms="285077" started-at="2021-10-09T03:50:22Z" finished-at="2021-10-09T03:55:07Z">
    <groups>
    </groups>
    <test name="Command line test" duration-ms="285077" started-at="2021-10-09T03:50:22Z" finished-at="2021-10-09T03:55:07Z">
      <class name="com.qa.testcases.ContactsPageTest">
        <test-method status="PASS" signature="setUP()[pri:0, instance:com.qa.testcases.ContactsPageTest@17550481]" name="setUP" is-config="true" duration-ms="29565" started-at="2021-10-09T09:22:06Z" finished-at="2021-10-09T09:22:36Z">
          <reporter-output>
          </reporter-output>
        </test-method> <!-- setUP -->
        <test-method status="PASS" signature="verifyContactsLabel()[pri:1, instance:com.qa.testcases.ContactsPageTest@17550481]" name="verifyContactsLabel" duration-ms="2516" started-at="2021-10-09T09:22:36Z" finished-at="2021-10-09T09:22:38Z">
          <reporter-output>
          </reporter-output>
        </test-method> <!-- verifyContactsLabel -->
        <test-method status="PASS" signature="tearDown()[pri:0, instance:com.qa.testcases.ContactsPageTest@17550481]" name="tearDown" is-config="true" duration-ms="1132" started-at="2021-10-09T09:22:38Z" finished-at="2021-10-09T09:22:39Z">
          <reporter-output>
          </reporter-output>
        </test-method> <!-- tearDown -->
        <test-method status="PASS" signature="setUP()[pri:0, instance:com.qa.testcases.ContactsPageTest@17550481]" name="setUP" is-config="true" duration-ms="35389" started-at="2021-10-09T09:22:39Z" finished-at="2021-10-09T09:23:15Z">
          <reporter-output>
          </reporter-output>
        </test-method> <!-- setUP -->
        <test-method status="PASS" signature="selectsingleContactsTest()[pri:2, instance:com.qa.testcases.ContactsPageTest@17550481]" name="selectsingleContactsTest" duration-ms="2662" started-at="2021-10-09T09:23:15Z" finished-at="2021-10-09T09:23:17Z">
          <reporter-output>
          </reporter-output>
        </test-method> <!-- selectsingleContactsTest -->
        <test-method status="PASS" signature="tearDown()[pri:0, instance:com.qa.testcases.ContactsPageTest@17550481]" name="tearDown" is-config="true" duration-ms="1027" started-at="2021-10-09T09:23:17Z" finished-at="2021-10-09T09:23:18Z">
          <reporter-output>
          </reporter-output>
        </test-method> <!-- tearDown -->
        <test-method status="PASS" signature="setUP()[pri:0, instance:com.qa.testcases.ContactsPageTest@17550481]" name="setUP" is-config="true" duration-ms="28624" started-at="2021-10-09T09:23:20Z" finished-at="2021-10-09T09:23:48Z">
          <reporter-output>
          </reporter-output>
        </test-method> <!-- setUP -->
        <test-method status="PASS" signature="validateCreateNewContact(java.lang.String, java.lang.String, java.lang.String, java.lang.String)[pri:3, instance:com.qa.testcases.ContactsPageTest@17550481]" name="validateCreateNewContact" duration-ms="6196" started-at="2021-10-09T09:23:48Z" data-provider="getCRMTestData" finished-at="2021-10-09T09:23:55Z">
          <params>
            <param index="0">
              <value>
                <![CDATA[Mr.]]>
              </value>
            </param>
            <param index="1">
              <value>
                <![CDATA[Tom]]>
              </value>
            </param>
            <param index="2">
              <value>
                <![CDATA[Peter]]>
              </value>
            </param>
            <param index="3">
              <value>
                <![CDATA[Google]]>
              </value>
            </param>
          </params>
          <reporter-output>
          </reporter-output>
        </test-method> <!-- validateCreateNewContact -->
        <test-method status="PASS" signature="tearDown()[pri:0, instance:com.qa.testcases.ContactsPageTest@17550481]" name="tearDown" is-config="true" duration-ms="1064" started-at="2021-10-09T09:23:55Z" finished-at="2021-10-09T09:23:56Z">
          <reporter-output>
          </reporter-output>
        </test-method> <!-- tearDown -->
        <test-method status="PASS" signature="setUP()[pri:0, instance:com.qa.testcases.ContactsPageTest@17550481]" name="setUP" is-config="true" duration-ms="30060" started-at="2021-10-09T09:23:56Z" finished-at="2021-10-09T09:24:26Z">
          <reporter-output>
          </reporter-output>
        </test-method> <!-- setUP -->
        <test-method status="PASS" signature="validateCreateNewContact(java.lang.String, java.lang.String, java.lang.String, java.lang.String)[pri:3, instance:com.qa.testcases.ContactsPageTest@17550481]" name="validateCreateNewContact" duration-ms="5474" started-at="2021-10-09T09:24:26Z" data-provider="getCRMTestData" finished-at="2021-10-09T09:24:31Z">
          <params>
            <param index="0">
              <value>
                <![CDATA[Dr.]]>
              </value>
            </param>
            <param index="1">
              <value>
                <![CDATA[David]]>
              </value>
            </param>
            <param index="2">
              <value>
                <![CDATA[Cris]]>
              </value>
            </param>
            <param index="3">
              <value>
                <![CDATA[Amazon]]>
              </value>
            </param>
          </params>
          <reporter-output>
          </reporter-output>
        </test-method> <!-- validateCreateNewContact -->
        <test-method status="PASS" signature="tearDown()[pri:0, instance:com.qa.testcases.ContactsPageTest@17550481]" name="tearDown" is-config="true" duration-ms="1078" started-at="2021-10-09T09:24:31Z" finished-at="2021-10-09T09:24:32Z">
          <reporter-output>
          </reporter-output>
        </test-method> <!-- tearDown -->
        <test-method status="PASS" signature="setUP()[pri:0, instance:com.qa.testcases.ContactsPageTest@17550481]" name="setUP" is-config="true" duration-ms="28452" started-at="2021-10-09T09:24:32Z" finished-at="2021-10-09T09:25:01Z">
          <reporter-output>
          </reporter-output>
        </test-method> <!-- setUP -->
        <test-method status="PASS" signature="validateCreateNewContact(java.lang.String, java.lang.String, java.lang.String, java.lang.String)[pri:3, instance:com.qa.testcases.ContactsPageTest@17550481]" name="validateCreateNewContact" duration-ms="5496" started-at="2021-10-09T09:25:01Z" data-provider="getCRMTestData" finished-at="2021-10-09T09:25:06Z">
          <params>
            <param index="0">
              <value>
                <![CDATA[Mrs.]]>
              </value>
            </param>
            <param index="1">
              <value>
                <![CDATA[Mukta]]>
              </value>
            </param>
            <param index="2">
              <value>
                <![CDATA[Sharma]]>
              </value>
            </param>
            <param index="3">
              <value>
                <![CDATA[Ebay]]>
              </value>
            </param>
          </params>
          <reporter-output>
          </reporter-output>
        </test-method> <!-- validateCreateNewContact -->
        <test-method status="PASS" signature="tearDown()[pri:0, instance:com.qa.testcases.ContactsPageTest@17550481]" name="tearDown" is-config="true" duration-ms="1050" started-at="2021-10-09T09:25:06Z" finished-at="2021-10-09T09:25:07Z">
          <reporter-output>
          </reporter-output>
        </test-method> <!-- tearDown -->
      </class> <!-- com.qa.testcases.ContactsPageTest -->
      <class name="com.qa.testcases.HomePageTest">
        <test-method status="PASS" signature="setUP()[pri:0, instance:com.qa.testcases.HomePageTest@735f7ae5]" name="setUP" is-config="true" duration-ms="31532" started-at="2021-10-09T09:20:22Z" finished-at="2021-10-09T09:20:54Z">
          <reporter-output>
          </reporter-output>
        </test-method> <!-- setUP -->
        <test-method status="PASS" signature="verifyContactsLinkTest()[pri:0, instance:com.qa.testcases.HomePageTest@735f7ae5]" name="verifyContactsLinkTest" duration-ms="1514" started-at="2021-10-09T09:20:54Z" finished-at="2021-10-09T09:20:55Z">
          <reporter-output>
          </reporter-output>
        </test-method> <!-- verifyContactsLinkTest -->
        <test-method status="PASS" signature="tearDown()[pri:0, instance:com.qa.testcases.HomePageTest@735f7ae5]" name="tearDown" is-config="true" duration-ms="1121" started-at="2021-10-09T09:20:55Z" finished-at="2021-10-09T09:20:56Z">
          <reporter-output>
          </reporter-output>
        </test-method> <!-- tearDown -->
        <test-method status="PASS" signature="setUP()[pri:0, instance:com.qa.testcases.HomePageTest@735f7ae5]" name="setUP" is-config="true" duration-ms="15547" started-at="2021-10-09T09:20:56Z" finished-at="2021-10-09T09:21:12Z">
          <reporter-output>
          </reporter-output>
        </test-method> <!-- setUP -->
        <test-method status="PASS" signature="verifyHomePageTitleTest()[pri:0, instance:com.qa.testcases.HomePageTest@735f7ae5]" name="verifyHomePageTitleTest" duration-ms="12" started-at="2021-10-09T09:21:12Z" finished-at="2021-10-09T09:21:12Z">
          <reporter-output>
          </reporter-output>
        </test-method> <!-- verifyHomePageTitleTest -->
        <test-method status="PASS" signature="tearDown()[pri:0, instance:com.qa.testcases.HomePageTest@735f7ae5]" name="tearDown" is-config="true" duration-ms="1049" started-at="2021-10-09T09:21:12Z" finished-at="2021-10-09T09:21:13Z">
          <reporter-output>
          </reporter-output>
        </test-method> <!-- tearDown -->
        <test-method status="PASS" signature="setUP()[pri:0, instance:com.qa.testcases.HomePageTest@735f7ae5]" name="setUP" is-config="true" duration-ms="16284" started-at="2021-10-09T09:21:13Z" finished-at="2021-10-09T09:21:29Z">
          <reporter-output>
          </reporter-output>
        </test-method> <!-- setUP -->
        <test-method status="PASS" signature="verifyUserNameTest()[pri:0, instance:com.qa.testcases.HomePageTest@735f7ae5]" name="verifyUserNameTest" duration-ms="118" started-at="2021-10-09T09:21:29Z" finished-at="2021-10-09T09:21:29Z">
          <reporter-output>
          </reporter-output>
        </test-method> <!-- verifyUserNameTest -->
        <test-method status="PASS" signature="tearDown()[pri:0, instance:com.qa.testcases.HomePageTest@735f7ae5]" name="tearDown" is-config="true" duration-ms="1008" started-at="2021-10-09T09:21:29Z" finished-at="2021-10-09T09:21:31Z">
          <reporter-output>
          </reporter-output>
        </test-method> <!-- tearDown -->
      </class> <!-- com.qa.testcases.HomePageTest -->
      <class name="com.qa.testcases.LoginPageTest">
        <test-method status="PASS" signature="setUP()[pri:0, instance:com.qa.testcases.LoginPageTest@180bc464]" name="setUP" is-config="true" duration-ms="8845" started-at="2021-10-09T09:21:31Z" finished-at="2021-10-09T09:21:39Z">
          <reporter-output>
          </reporter-output>
        </test-method> <!-- setUP -->
        <test-method status="PASS" signature="crmLogoImageTest()[pri:0, instance:com.qa.testcases.LoginPageTest@180bc464]" name="crmLogoImageTest" duration-ms="83" started-at="2021-10-09T09:21:39Z" finished-at="2021-10-09T09:21:39Z">
          <reporter-output>
          </reporter-output>
        </test-method> <!-- crmLogoImageTest -->
        <test-method status="PASS" signature="tearDown()[pri:0, instance:com.qa.testcases.LoginPageTest@180bc464]" name="tearDown" is-config="true" duration-ms="902" started-at="2021-10-09T09:21:39Z" finished-at="2021-10-09T09:21:40Z">
          <reporter-output>
          </reporter-output>
        </test-method> <!-- tearDown -->
        <test-method status="PASS" signature="setUP()[pri:0, instance:com.qa.testcases.LoginPageTest@180bc464]" name="setUP" is-config="true" duration-ms="9753" started-at="2021-10-09T09:21:40Z" finished-at="2021-10-09T09:21:50Z">
          <reporter-output>
          </reporter-output>
        </test-method> <!-- setUP -->
        <test-method status="PASS" signature="lgoinPageTitleTest()[pri:0, instance:com.qa.testcases.LoginPageTest@180bc464]" name="lgoinPageTitleTest" duration-ms="10" started-at="2021-10-09T09:21:50Z" finished-at="2021-10-09T09:21:50Z">
          <reporter-output>
          </reporter-output>
        </test-method> <!-- lgoinPageTitleTest -->
        <test-method status="PASS" signature="tearDown()[pri:0, instance:com.qa.testcases.LoginPageTest@180bc464]" name="tearDown" is-config="true" duration-ms="952" started-at="2021-10-09T09:21:50Z" finished-at="2021-10-09T09:21:51Z">
          <reporter-output>
          </reporter-output>
        </test-method> <!-- tearDown -->
        <test-method status="PASS" signature="setUP()[pri:0, instance:com.qa.testcases.LoginPageTest@180bc464]" name="setUP" is-config="true" duration-ms="7719" started-at="2021-10-09T09:21:51Z" finished-at="2021-10-09T09:21:59Z">
          <reporter-output>
          </reporter-output>
        </test-method> <!-- setUP -->
        <test-method status="PASS" signature="loginTest()[pri:0, instance:com.qa.testcases.LoginPageTest@180bc464]" name="loginTest" duration-ms="6252" started-at="2021-10-09T09:21:59Z" finished-at="2021-10-09T09:22:05Z">
          <reporter-output>
          </reporter-output>
        </test-method> <!-- loginTest -->
        <test-method status="PASS" signature="tearDown()[pri:0, instance:com.qa.testcases.LoginPageTest@180bc464]" name="tearDown" is-config="true" duration-ms="1037" started-at="2021-10-09T09:22:05Z" finished-at="2021-10-09T09:22:06Z">
          <reporter-output>
          </reporter-output>
        </test-method> <!-- tearDown -->
      </class> <!-- com.qa.testcases.LoginPageTest -->
    </test> <!-- Command line test -->
  </suite> <!-- Command line suite -->
</testng-results>
