<?xml version="1.0" encoding="UTF-8" ?>
<testsuite tests="11" failures="0" name="TestSuite" time="30.34" errors="0" skipped="0">
  <properties>
[...]
</properties>
  <testcase classname="com.qa.testcases.HomePageTest" name="verifyContactsLinkTest" time="1.522"/>
  <testcase classname="com.qa.testcases.HomePageTest" name="verifyHomePageTitleTest" time="0.012"/>
  <testcase classname="com.qa.testcases.HomePageTest" name="verifyUserNameTest" time="0.119"/>
  <testcase classname="com.qa.testcases.LoginPageTest" name="crmLogoImageTest" time="0.077"/>
  <testcase classname="com.qa.testcases.LoginPageTest" name="lgoinPageTitleTest" time="0.01"/>
  <testcase classname="com.qa.testcases.LoginPageTest" name="loginTest" time="6.25"/>
  <testcase classname="com.qa.testcases.ContactsPageTest" name="verifyContactsLabel" time="2.516"/>
  <testcase classname="com.qa.testcases.ContactsPageTest" name="selectsingleContactsTest" time="2.665"/>
  <testcase classname="com.qa.testcases.ContactsPageTest" name="validateCreateNewContact" time="6.198"/>
  <testcase classname="com.qa.testcases.ContactsPageTest" name="validateCreateNewContact" time="5.473"/>
  <testcase classname="com.qa.testcases.ContactsPageTest" name="validateCreateNewContact" time="5.498"/>
</testsuite>