<?xml version="1.0" encoding="UTF-8"?>
<testng-results skipped="0" failed="0" total="3" passed="3">
  <reporter-output>
  </reporter-output>
  <suite name="Default suite" duration-ms="34761" started-at="2021-10-09T06:02:52Z" finished-at="2021-10-09T06:03:27Z">
    <groups>
    </groups>
    <test name="Default test" duration-ms="34761" started-at="2021-10-09T06:02:52Z" finished-at="2021-10-09T06:03:27Z">
      <class name="com.qa.testcases.LoginPageTest">
        <test-method status="PASS" signature="setUP()[pri:0, instance:com.qa.testcases.LoginPageTest@19d1a19]" name="setUP" is-config="true" duration-ms="9717" started-at="2021-10-09T11:32:52Z" finished-at="2021-10-09T11:33:02Z">
          <reporter-output>
          </reporter-output>
        </test-method> <!-- setUP -->
        <test-method status="PASS" signature="crmLogoImageTest()[pri:0, instance:com.qa.testcases.LoginPageTest@19d1a19]" name="crmLogoImageTest" duration-ms="121" started-at="2021-10-09T11:33:02Z" finished-at="2021-10-09T11:33:02Z">
          <reporter-output>
          </reporter-output>
        </test-method> <!-- crmLogoImageTest -->
        <test-method status="PASS" signature="tearDown()[pri:0, instance:com.qa.testcases.LoginPageTest@19d1a19]" name="tearDown" is-config="true" duration-ms="918" started-at="2021-10-09T11:33:02Z" finished-at="2021-10-09T11:33:03Z">
          <reporter-output>
          </reporter-output>
        </test-method> <!-- tearDown -->
        <test-method status="PASS" signature="setUP()[pri:0, instance:com.qa.testcases.LoginPageTest@19d1a19]" name="setUP" is-config="true" duration-ms="7134" started-at="2021-10-09T11:33:03Z" finished-at="2021-10-09T11:33:10Z">
          <reporter-output>
          </reporter-output>
        </test-method> <!-- setUP -->
        <test-method status="PASS" signature="lgoinPageTitleTest()[pri:0, instance:com.qa.testcases.LoginPageTest@19d1a19]" name="lgoinPageTitleTest" duration-ms="15" started-at="2021-10-09T11:33:10Z" finished-at="2021-10-09T11:33:10Z">
          <reporter-output>
          </reporter-output>
        </test-method> <!-- lgoinPageTitleTest -->
        <test-method status="PASS" signature="tearDown()[pri:0, instance:com.qa.testcases.LoginPageTest@19d1a19]" name="tearDown" is-config="true" duration-ms="873" started-at="2021-10-09T11:33:10Z" finished-at="2021-10-09T11:33:11Z">
          <reporter-output>
          </reporter-output>
        </test-method> <!-- tearDown -->
        <test-method status="PASS" signature="setUP()[pri:0, instance:com.qa.testcases.LoginPageTest@19d1a19]" name="setUP" is-config="true" duration-ms="7806" started-at="2021-10-09T11:33:11Z" finished-at="2021-10-09T11:33:19Z">
          <reporter-output>
          </reporter-output>
        </test-method> <!-- setUP -->
        <test-method status="PASS" signature="loginTest()[pri:0, instance:com.qa.testcases.LoginPageTest@19d1a19]" name="loginTest" duration-ms="7113" started-at="2021-10-09T11:33:19Z" finished-at="2021-10-09T11:33:26Z">
          <reporter-output>
          </reporter-output>
        </test-method> <!-- loginTest -->
        <test-method status="PASS" signature="tearDown()[pri:0, instance:com.qa.testcases.LoginPageTest@19d1a19]" name="tearDown" is-config="true" duration-ms="1014" started-at="2021-10-09T11:33:26Z" finished-at="2021-10-09T11:33:27Z">
          <reporter-output>
          </reporter-output>
        </test-method> <!-- tearDown -->
      </class> <!-- com.qa.testcases.LoginPageTest -->
    </test> <!-- Default test -->
  </suite> <!-- Default suite -->
</testng-results>
